C:\USERS\HOME\DESKTOP\C++\GITHUB\FINAL-PROJECT-RESTAURANT\FINAL_PROJECT_RESTAURANT\DEBUG\FINAL_PROJECT_RESTAURANT.EXE
C:\USERS\HOME\DESKTOP\C++\GITHUB\FINAL-PROJECT-RESTAURANT\FINAL_PROJECT_RESTAURANT\DEBUG\FINAL_PROJECT_RESTAURANT.ILK
C:\USERS\HOME\DESKTOP\C++\GITHUB\FINAL-PROJECT-RESTAURANT\FINAL_PROJECT_RESTAURANT\DEBUG\FINAL_PROJECT_RESTAURANT.PDB
C:\Users\Home\Desktop\C++\GitHub\Final-Project-Restaurant\final_project_restaurant\final_project_restaurant\Debug\cl.command.1.tlog
C:\Users\Home\Desktop\C++\GitHub\Final-Project-Restaurant\final_project_restaurant\final_project_restaurant\Debug\CL.read.1.tlog
C:\Users\Home\Desktop\C++\GitHub\Final-Project-Restaurant\final_project_restaurant\final_project_restaurant\Debug\CL.write.1.tlog
C:\USERS\HOME\DESKTOP\C++\GITHUB\FINAL-PROJECT-RESTAURANT\FINAL_PROJECT_RESTAURANT\FINAL_PROJECT_RESTAURANT\DEBUG\FINAL_PROJECT_RESTAURANT.EXE.INTERMEDIATE.MANIFEST
C:\Users\Home\Desktop\C++\GitHub\Final-Project-Restaurant\final_project_restaurant\final_project_restaurant\Debug\final_project_restaurant.vcxprojResolveAssemblyReference.cache
C:\Users\Home\Desktop\C++\GitHub\Final-Project-Restaurant\final_project_restaurant\final_project_restaurant\Debug\final_project_restaurant.write.1.tlog
C:\Users\Home\Desktop\C++\GitHub\Final-Project-Restaurant\final_project_restaurant\final_project_restaurant\Debug\link.command.1.tlog
C:\Users\Home\Desktop\C++\GitHub\Final-Project-Restaurant\final_project_restaurant\final_project_restaurant\Debug\link.read.1.tlog
C:\Users\Home\Desktop\C++\GitHub\Final-Project-Restaurant\final_project_restaurant\final_project_restaurant\Debug\link.write.1.tlog
C:\USERS\HOME\DESKTOP\C++\GITHUB\FINAL-PROJECT-RESTAURANT\FINAL_PROJECT_RESTAURANT\FINAL_PROJECT_RESTAURANT\DEBUG\MAIN.OBJ
C:\Users\Home\Desktop\C++\GitHub\Final-Project-Restaurant\final_project_restaurant\final_project_restaurant\Debug\mt.command.1.tlog
C:\Users\Home\Desktop\C++\GitHub\Final-Project-Restaurant\final_project_restaurant\final_project_restaurant\Debug\mt.read.1.tlog
C:\Users\Home\Desktop\C++\GitHub\Final-Project-Restaurant\final_project_restaurant\final_project_restaurant\Debug\mt.write.1.tlog
C:\USERS\HOME\DESKTOP\C++\GITHUB\FINAL-PROJECT-RESTAURANT\FINAL_PROJECT_RESTAURANT\FINAL_PROJECT_RESTAURANT\DEBUG\USEAPPETIZER.OBJ
C:\USERS\HOME\DESKTOP\C++\GITHUB\FINAL-PROJECT-RESTAURANT\FINAL_PROJECT_RESTAURANT\FINAL_PROJECT_RESTAURANT\DEBUG\USEBEVERAGE.OBJ
C:\USERS\HOME\DESKTOP\C++\GITHUB\FINAL-PROJECT-RESTAURANT\FINAL_PROJECT_RESTAURANT\FINAL_PROJECT_RESTAURANT\DEBUG\USESALAD.OBJ
C:\USERS\HOME\DESKTOP\C++\GITHUB\FINAL-PROJECT-RESTAURANT\FINAL_PROJECT_RESTAURANT\FINAL_PROJECT_RESTAURANT\DEBUG\USESANDWICH.OBJ
C:\Users\Home\Desktop\C++\GitHub\Final-Project-Restaurant\final_project_restaurant\final_project_restaurant\Debug\vc100.idb
C:\USERS\HOME\DESKTOP\C++\GITHUB\FINAL-PROJECT-RESTAURANT\FINAL_PROJECT_RESTAURANT\FINAL_PROJECT_RESTAURANT\DEBUG\VC100.PDB
M:\C++\FINAL_PROJECT_RESTAURANT\FINAL_PROJECT_RESTAURANT\DEBUG\VC100.PDB
